<?xml version="1.0" encoding="UTF-8"?>
<testsuite xmlns:xsi="http://www.w3.org/2001/XMLSchema-instance" xsi:noNamespaceSchemaLocation="https://maven.apache.org/surefire/maven-surefire-plugin/xsd/surefire-test-report-3.0.xsd" version="3.0" name="com.bhojrajCreation.journalApp.Controller.PubilcControllerDiffblueTest" time="0.041" tests="2" errors="0" skipped="2" failures="0">
  <properties/>
  <testcase name="testWelcomePage" classname="com.bhojrajCreation.journalApp.Controller.PubilcControllerDiffblueTest" time="0.0">
    <skipped message="class com.bhojrajCreation.journalApp.Controller.PubilcControllerDiffblueTest is @Disabled"/>
  </testcase>
  <testcase name="testWelcomePage2" classname="com.bhojrajCreation.journalApp.Controller.PubilcControllerDiffblueTest" time="0.0">
    <skipped message="class com.bhojrajCreation.journalApp.Controller.PubilcControllerDiffblueTest is @Disabled"/>
  </testcase>
</testsuite>